2021-01-01 16:40:04,252 [main] INFO nopComerce - **************Launching browser***********
2021-01-01 16:40:11,179 [main] INFO nopComerce - **************Launching url***********
2021-01-01 16:40:12,484 [main] INFO nopComerce - **************Providing login details***********
2021-01-01 16:40:13,053 [main] INFO nopComerce - *************Started login***********
2021-01-01 16:40:46,098 [main] INFO nopComerce - **************Adding new customer***********
2021-01-01 16:40:46,098 [main] INFO nopComerce - **************Providing customer details***********
2021-01-01 16:40:54,801 [main] INFO nopComerce - **************Saving customer data ***********
2021-01-01 16:41:03,703 [main] INFO nopComerce - **************Closing browser***********
2021-01-01 16:42:00,451 [main] INFO nopComerce - **************Launching browser***********
2021-01-01 16:42:07,856 [main] INFO nopComerce - **************Launching url***********
2021-01-01 16:42:09,215 [main] INFO nopComerce - **************Providing login details***********
2021-01-01 16:42:10,225 [main] INFO nopComerce - *************Started login***********
2021-01-01 16:42:37,378 [main] INFO nopComerce - **************Adding new customer***********
2021-01-01 16:42:37,381 [main] INFO nopComerce - **************Providing customer details***********
2021-01-01 16:42:45,047 [main] INFO nopComerce - **************Saving customer data ***********
2021-01-01 16:42:55,159 [main] INFO nopComerce - **************Closing browser***********
2021-01-01 16:43:01,151 [main] INFO nopComerce - **************Launching browser***********
2021-01-01 16:43:04,929 [main] INFO nopComerce - **************Launching url***********
2021-01-01 16:43:06,229 [main] INFO nopComerce - **************Providing login details***********
2021-01-01 16:43:06,628 [main] INFO nopComerce - *************Started login***********
2021-01-01 16:43:14,316 [main] INFO nopComerce - **************Login failed***********
2021-01-01 16:43:19,857 [main] INFO nopComerce - **************Login failed***********
2021-01-01 16:43:19,864 [main] INFO nopComerce - **************Closing browser***********
2021-01-01 16:56:36,922 [main] INFO nopComerce - **************Launching browser***********
2021-01-01 16:56:40,997 [main] INFO nopComerce - **************Launching url***********
2021-01-01 16:56:42,314 [main] INFO nopComerce - **************Providing login details***********
2021-01-01 16:56:42,799 [main] INFO nopComerce - *************Started login***********
2021-01-01 16:57:04,816 [main] INFO nopComerce - **************Adding new customer***********
2021-01-01 16:57:04,816 [main] INFO nopComerce - **************Providing customer details***********
2021-01-01 16:57:12,132 [main] INFO nopComerce - **************Saving customer data ***********
2021-01-01 16:57:19,175 [main] INFO nopComerce - **************Closing browser***********
2021-01-01 16:57:26,818 [main] INFO nopComerce - **************Launching browser***********
2021-01-01 16:57:30,578 [main] INFO nopComerce - **************Launching url***********
2021-01-01 16:57:31,948 [main] INFO nopComerce - **************Providing login details***********
2021-01-01 16:57:32,620 [main] INFO nopComerce - *************Started login***********
2021-01-01 16:57:40,664 [main] INFO nopComerce - **************Login failed***********
2021-01-01 16:57:45,619 [main] INFO nopComerce - **************Login failed***********
2021-01-01 16:57:45,628 [main] INFO nopComerce - **************Closing browser***********
2021-01-01 17:00:09,638 [main] INFO nopComerce - **************Launching browser***********
2021-01-01 17:00:14,621 [main] INFO nopComerce - **************Launching url***********
2021-01-01 17:00:15,900 [main] INFO nopComerce - **************Providing login details***********
2021-01-01 17:00:16,311 [main] INFO nopComerce - *************Started login***********
2021-01-01 17:00:45,266 [main] INFO nopComerce - **************Adding new customer***********
2021-01-01 17:00:45,268 [main] INFO nopComerce - **************Providing customer details***********
2021-01-01 17:00:53,132 [main] INFO nopComerce - **************Saving customer data ***********
2021-01-01 17:00:58,740 [main] INFO nopComerce - **************Closing browser***********
2021-01-01 17:01:04,659 [main] INFO nopComerce - **************Launching browser***********
2021-01-01 17:01:07,155 [main] INFO nopComerce - **************Launching url***********
2021-01-01 17:01:08,377 [main] INFO nopComerce - **************Providing login details***********
2021-01-01 17:01:09,124 [main] INFO nopComerce - *************Started login***********
2021-01-01 17:01:15,395 [main] INFO nopComerce - **************Login failed***********
2021-01-01 17:01:20,942 [main] INFO nopComerce - **************Login failed***********
2021-01-01 17:01:20,948 [main] INFO nopComerce - **************Closing browser***********
2021-01-01 17:04:34,380 [main] INFO nopComerce - **************Launching browser***********
2021-01-01 17:04:38,505 [main] INFO nopComerce - **************Launching url***********
2021-01-01 17:04:40,008 [main] INFO nopComerce - **************Providing login details***********
2021-01-01 17:04:40,525 [main] INFO nopComerce - *************Started login***********
2021-01-01 17:05:08,159 [main] INFO nopComerce - **************Adding new customer***********
2021-01-01 17:05:08,161 [main] INFO nopComerce - **************Providing customer details***********
2021-01-01 17:05:16,904 [main] INFO nopComerce - **************Saving customer data ***********
2021-01-01 17:05:24,762 [main] INFO nopComerce - **************Closing browser***********
2021-01-01 17:05:29,963 [main] INFO nopComerce - **************Launching browser***********
2021-01-01 17:05:34,260 [main] INFO nopComerce - **************Launching url***********
2021-01-01 17:05:35,536 [main] INFO nopComerce - **************Providing login details***********
2021-01-01 17:05:35,970 [main] INFO nopComerce - *************Started login***********
2021-01-01 17:06:04,543 [main] INFO nopComerce - **************Searching customer using email id ***********
2021-01-01 17:06:08,091 [main] INFO nopComerce - **************Closing browser***********
2021-01-01 17:06:13,914 [main] INFO nopComerce - **************Launching browser***********
2021-01-01 17:06:17,733 [main] INFO nopComerce - **************Launching url***********
2021-01-01 17:06:18,867 [main] INFO nopComerce - **************Providing login details***********
2021-01-01 17:06:19,336 [main] INFO nopComerce - *************Started login***********
2021-01-01 17:07:13,812 [main] INFO nopComerce - **************Searching customer by name ***********
2021-01-01 17:07:20,796 [main] INFO nopComerce - **************Launching browser***********
2021-01-01 17:08:03,772 [main] INFO nopComerce - **************Launching url***********
2021-01-01 17:08:04,913 [main] INFO nopComerce - **************Providing login details***********
2021-01-01 17:08:09,541 [main] INFO nopComerce - **************Launching browser***********
2021-01-01 17:09:08,165 [main] INFO nopComerce - **************Launching url***********
2021-01-01 17:09:09,317 [main] INFO nopComerce - **************Providing login details***********
2021-01-01 17:09:09,616 [main] INFO nopComerce - *************Started login***********
2021-01-01 17:09:18,502 [main] INFO nopComerce - **************Login failed***********
2021-01-01 17:09:24,725 [main] INFO nopComerce - **************Login failed***********
2021-01-01 17:09:24,731 [main] INFO nopComerce - **************Closing browser***********
2021-01-01 17:09:29,761 [main] INFO nopComerce - **************Launching browser***********
2021-01-01 17:09:34,740 [main] INFO nopComerce - **************Launching url***********
2021-01-01 17:09:36,033 [main] INFO nopComerce - **************Providing login details***********
2021-01-01 17:09:36,551 [main] INFO nopComerce - *************Started login***********
2021-01-01 17:09:41,252 [main] INFO nopComerce - **************Login passed***********
2021-01-01 17:24:45,349 [main] INFO nopComerce - **************Launching browser***********
2021-01-01 17:24:48,885 [main] INFO nopComerce - **************Launching url***********
2021-01-01 17:24:50,051 [main] INFO nopComerce - **************Providing login details***********
2021-01-01 17:24:50,655 [main] INFO nopComerce - *************Started login***********
2021-01-01 17:25:25,161 [main] INFO nopComerce - **************Adding new customer***********
2021-01-01 17:25:25,162 [main] INFO nopComerce - **************Providing customer details***********
2021-01-01 17:25:32,701 [main] INFO nopComerce - **************Saving customer data ***********
2021-01-01 17:25:39,685 [main] INFO nopComerce - **************Closing browser***********
2021-01-01 17:25:45,489 [main] INFO nopComerce - **************Launching browser***********
2021-01-01 17:25:49,453 [main] INFO nopComerce - **************Launching url***********
2021-01-01 17:25:50,592 [main] INFO nopComerce - **************Providing login details***********
2021-01-01 17:25:50,905 [main] INFO nopComerce - *************Started login***********
2021-01-01 17:26:11,931 [main] INFO nopComerce - **************Searching customer using email id ***********
2021-01-01 17:26:15,467 [main] INFO nopComerce - **************Closing browser***********
2021-01-01 17:26:19,680 [main] INFO nopComerce - **************Launching browser***********
2021-01-01 17:26:23,349 [main] INFO nopComerce - **************Launching url***********
2021-01-01 17:26:24,480 [main] INFO nopComerce - **************Providing login details***********
2021-01-01 17:26:24,846 [main] INFO nopComerce - *************Started login***********
2021-01-01 17:26:49,275 [main] INFO nopComerce - **************Searching customer by name ***********
2021-01-01 17:26:53,073 [main] INFO nopComerce - **************Closing browser***********
2021-01-01 17:26:57,287 [main] INFO nopComerce - **************Launching browser***********
2021-01-01 17:27:00,372 [main] INFO nopComerce - **************Launching url***********
2021-01-01 17:27:01,568 [main] INFO nopComerce - **************Providing login details***********
2021-01-01 17:27:01,878 [main] INFO nopComerce - *************Started login***********
2021-01-01 17:27:08,149 [main] INFO nopComerce - **************Login failed***********
2021-01-01 17:27:14,110 [main] INFO nopComerce - **************Login failed***********
2021-01-01 17:27:14,117 [main] INFO nopComerce - **************Closing browser***********
2021-01-01 17:27:18,922 [main] INFO nopComerce - **************Launching browser***********
2021-01-01 17:27:22,437 [main] INFO nopComerce - **************Launching url***********
2021-01-01 17:27:23,738 [main] INFO nopComerce - **************Providing login details***********
2021-01-01 17:27:24,215 [main] INFO nopComerce - *************Started login***********
2021-01-01 17:27:34,959 [main] INFO nopComerce - **************Login failed***********
2021-01-01 17:27:40,743 [main] INFO nopComerce - **************Login failed***********
2021-01-01 17:27:40,749 [main] INFO nopComerce - **************Closing browser***********
2021-01-01 17:27:44,631 [main] INFO nopComerce - **************Launching browser***********
2021-01-01 17:27:47,634 [main] INFO nopComerce - **************Launching url***********
2021-01-01 17:27:48,804 [main] INFO nopComerce - **************Providing login details***********
2021-01-01 17:27:49,157 [main] INFO nopComerce - *************Started login***********
2021-01-01 17:27:51,307 [main] INFO nopComerce - **************Login passed***********
2021-01-01 17:36:02,655 [main] INFO nopComerce - **************Launching browser***********
2021-01-01 17:36:09,076 [main] INFO nopComerce - **************Launching url***********
2021-01-01 17:36:10,268 [main] INFO nopComerce - **************Providing login details***********
2021-01-01 17:36:10,736 [main] INFO nopComerce - *************Started login***********
2021-01-01 17:36:35,499 [main] INFO nopComerce - **************Adding new customer***********
2021-01-01 17:36:35,499 [main] INFO nopComerce - **************Providing customer details***********
2021-01-01 17:36:42,895 [main] INFO nopComerce - **************Saving customer data ***********
2021-01-01 17:36:51,290 [main] INFO nopComerce - **************Closing browser***********
2021-01-01 17:36:57,218 [main] INFO nopComerce - **************Launching browser***********
2021-01-01 17:37:03,042 [main] INFO nopComerce - **************Launching url***********
2021-01-01 17:37:04,185 [main] INFO nopComerce - **************Providing login details***********
2021-01-01 17:37:04,655 [main] INFO nopComerce - *************Started login***********
2021-01-01 17:37:30,997 [main] INFO nopComerce - **************Searching customer using email id ***********
2021-01-01 17:37:34,613 [main] INFO nopComerce - **************Closing browser***********
2021-01-01 17:37:39,523 [main] INFO nopComerce - **************Launching browser***********
2021-01-01 17:37:43,391 [main] INFO nopComerce - **************Launching url***********
2021-01-01 17:37:45,213 [main] INFO nopComerce - **************Providing login details***********
2021-01-01 17:37:45,741 [main] INFO nopComerce - *************Started login***********
2021-01-01 17:38:05,634 [main] INFO nopComerce - **************Searching customer by name ***********
2021-01-01 17:38:09,322 [main] INFO nopComerce - **************Closing browser***********
2021-01-01 17:38:15,275 [main] INFO nopComerce - **************Launching browser***********
2021-01-01 17:38:19,363 [main] INFO nopComerce - **************Launching url***********
2021-01-01 17:38:20,532 [main] INFO nopComerce - **************Providing login details***********
2021-01-01 17:38:20,862 [main] INFO nopComerce - *************Started login***********
2021-01-01 17:38:26,487 [main] INFO nopComerce - **************Login failed***********
2021-01-01 17:38:32,191 [main] INFO nopComerce - **************Login failed***********
2021-01-01 17:38:32,196 [main] INFO nopComerce - **************Closing browser***********
2021-01-01 17:38:38,149 [main] INFO nopComerce - **************Launching browser***********
2021-01-01 17:38:41,496 [main] INFO nopComerce - **************Launching url***********
2021-01-01 17:38:42,690 [main] INFO nopComerce - **************Providing login details***********
2021-01-01 17:38:43,029 [main] INFO nopComerce - *************Started login***********
2021-01-01 17:38:51,245 [main] INFO nopComerce - **************Login failed***********
2021-01-01 17:38:58,284 [main] INFO nopComerce - **************Login failed***********
2021-01-01 17:38:58,289 [main] INFO nopComerce - **************Closing browser***********
2021-01-01 17:39:06,437 [main] INFO nopComerce - **************Launching browser***********
2021-01-01 17:39:11,058 [main] INFO nopComerce - **************Launching url***********
2021-01-01 17:39:12,202 [main] INFO nopComerce - **************Providing login details***********
2021-01-01 17:39:12,717 [main] INFO nopComerce - *************Started login***********
2021-01-01 17:39:15,273 [main] INFO nopComerce - **************Login passed***********
2021-01-02 19:04:21,464 [main] INFO nopComerce - **************Launching browser***********
2021-01-02 19:04:29,188 [main] INFO nopComerce - **************Launching url***********
2021-01-02 19:04:30,493 [main] INFO nopComerce - **************Providing login details***********
2021-01-02 19:04:31,316 [main] INFO nopComerce - *************Started login***********
2021-01-02 19:05:07,732 [main] INFO nopComerce - **************Adding new customer***********
2021-01-02 19:05:07,732 [main] INFO nopComerce - **************Providing customer details***********
2021-01-02 19:05:15,208 [main] INFO nopComerce - **************Saving customer data ***********
2021-01-02 19:05:34,851 [main] INFO nopComerce - **************Closing browser***********
2021-01-02 19:05:40,422 [main] INFO nopComerce - **************Launching browser***********
2021-01-02 19:05:43,914 [main] INFO nopComerce - **************Launching url***********
2021-01-02 19:05:45,194 [main] INFO nopComerce - **************Providing login details***********
2021-01-02 19:05:45,547 [main] INFO nopComerce - *************Started login***********
2021-01-02 19:06:17,993 [main] INFO nopComerce - **************Searching customer using email id ***********
2021-01-02 19:06:21,621 [main] INFO nopComerce - **************Closing browser***********
2021-01-02 19:06:26,830 [main] INFO nopComerce - **************Launching browser***********
2021-01-02 19:06:31,304 [main] INFO nopComerce - **************Launching url***********
2021-01-02 19:06:32,463 [main] INFO nopComerce - **************Providing login details***********
2021-01-02 19:06:32,856 [main] INFO nopComerce - *************Started login***********
2021-01-02 19:07:01,026 [main] INFO nopComerce - **************Searching customer by name ***********
2021-01-02 19:07:04,835 [main] INFO nopComerce - **************Closing browser***********
2021-01-02 19:07:10,601 [main] INFO nopComerce - **************Launching browser***********
2021-01-02 19:07:15,854 [main] INFO nopComerce - **************Launching url***********
2021-01-02 19:07:16,995 [main] INFO nopComerce - **************Providing login details***********
2021-01-02 19:07:17,433 [main] INFO nopComerce - *************Started login***********
2021-01-02 19:07:29,314 [main] INFO nopComerce - **************Login failed***********
2021-01-02 19:07:35,976 [main] INFO nopComerce - **************Login failed***********
2021-01-02 19:07:35,984 [main] INFO nopComerce - **************Closing browser***********
2021-01-02 19:07:41,391 [main] INFO nopComerce - **************Launching browser***********
2021-01-02 19:07:47,949 [main] INFO nopComerce - **************Launching url***********
2021-01-02 19:07:49,087 [main] INFO nopComerce - **************Providing login details***********
2021-01-02 19:07:49,532 [main] INFO nopComerce - *************Started login***********
2021-01-02 19:08:00,796 [main] INFO nopComerce - **************Login failed***********
2021-01-02 19:08:06,813 [main] INFO nopComerce - **************Login failed***********
2021-01-02 19:08:06,819 [main] INFO nopComerce - **************Closing browser***********
2021-01-02 19:08:13,071 [main] INFO nopComerce - **************Launching browser***********
2021-01-02 19:08:17,511 [main] INFO nopComerce - **************Launching url***********
2021-01-02 19:08:18,736 [main] INFO nopComerce - **************Providing login details***********
2021-01-02 19:08:19,142 [main] INFO nopComerce - *************Started login***********
2021-01-02 19:08:21,853 [main] INFO nopComerce - **************Login passed***********
